<?xml version="1.0" encoding="UTF-8"?>
<!-- Generated by org.testng.reporters.JUnitReportReporter -->
<testsuite hostname="LAPTOP-T68FTPTK" failures="0" tests="2" name="loginTestSuit.LoginSuit" time="24.881" errors="0" timestamp="2022-09-29T16:30:56 IST" skipped="0">
  <testcase classname="loginTestSuit.LoginSuit" name="Tc_0001" time="13.360"/>
  <system-out/>
  <testcase classname="loginTestSuit.LoginSuit" name="Tc_0002" time="11.521"/>
  <system-out/>
</testsuite> <!-- loginTestSuit.LoginSuit -->
